{
  "RSpec": {
    "coverage": {
      "/home/leticia-kazap/Documents/Curso Kazap/calculator-rspec/calculator.rb": {
        "lines": [
          1,
          1,
          6,
          6,
          null,
          null,
          1,
          1,
          null,
          null,
          1,
          1,
          null,
          null,
          1,
          1,
          null,
          null,
          1,
          2,
          null,
          1,
          null,
          null,
          1,
          null,
          1,
          null
        ]
      }
    },
    "timestamp": 1653437415
  }
}
